#
# A fatal error has been detected by the Java Runtime Environment:
#
#  EXCEPTION_ACCESS_VIOLATION (0xc0000005) at pc=0x0000000066dcdd80, pid=3160, tid=4860
#
# JRE version: Java(TM) SE Runtime Environment (8.0_45-b14) (build 1.8.0_45-b14)
# Java VM: Java HotSpot(TM) 64-Bit Server VM (25.45-b02 mixed mode windows-amd64 compressed oops)
# Problematic frame:
# V  [jvm.dll+0xadd80]
#
# Failed to write core dump. Minidumps are not enabled by default on client versions of Windows
#
# If you would like to submit a bug report, please visit:
#   http://bugreport.java.com/bugreport/crash.jsp
#

---------------  T H R E A D  ---------------

Current thread (0x00000000021a7800):  GCTaskThread [stack: 0x0000000012790000,0x0000000012890000] [id=4860]

siginfo: ExceptionCode=0xc0000005, reading address 0x0000000017ae0210

Registers:
RAX=0x0000000000000001, RBX=0x00000000d99caa38, RCX=0x00000000d99caa38, RDX=0x0000000017ae0208
RSP=0x000000001288f478, RBP=0x000000001288f640, RSI=0x00000000579f5e40, RDI=0x00000000579f5e40
R8 =0x00000000579f5e40, R9 =0x0000000000000007, R10=0x0000000000000008, R11=0x00000000de174000
R12=0x0000000067366210, R13=0x0000000000000019, R14=0x0000000000000000, R15=0x00000000021a7e00
RIP=0x0000000066dcdd80, EFLAGS=0x0000000000010202

Top of Stack: (sp=0x000000001288f478)
0x000000001288f478:   00000000671183a2 00000000d99caa20
0x000000001288f488:   0000000000000003 00000000579f5e40
0x000000001288f498:   0000000066e310d3 00000000de16c010
0x000000001288f4a8:   0000000000001000 00000000de0ac884
0x000000001288f4b8:   0000000066e32fc0 0000000000000000
0x000000001288f4c8:   00000000021a1d00 0000000067366210
0x000000001288f4d8:   0000000067118710 00000000de16c354
0x000000001288f4e8:   000000001288f640 00000000579f5e40
0x000000001288f4f8:   00000000579f5e40 00000000de16c354
0x000000001288f508:   00000000671192b5 00000000d6e3df18
0x000000001288f518:   000000001288f640 00000000579f5e40
0x000000001288f528:   000000008078cdfd 000000008078f908
0x000000001288f538:   0000000066e32ed7 00000000021a7df0
0x000000001288f548:   00000000021a1d00 000000000223fd00
0x000000001288f558:   000000006711b0c6 0000000057a0b7c8
0x000000001288f568:   000000001288f5e0 0000000057a0b760 

Instructions: (pc=0x0000000066dcdd80)
0x0000000066dcdd60:   3c 95 1d 00 48 8b 9c 24 d0 00 00 00 48 81 c4 c0
0x0000000066dcdd70:   00 00 00 5d c3 cc cc cc cc cc cc cc cc cc cc cc
0x0000000066dcdd80:   44 8b 42 08 4c 8b ca 45 85 c0 7e 0e 41 f6 c0 01
0x0000000066dcdd90:   75 57 41 c1 f8 03 41 8b c0 c3 79 4d 80 3d 3e bf 


Register to memory mapping:

RAX=0x0000000000000001 is an unknown value
RBX=0x00000000d99caa38 is an oop

[error occurred during error reporting (printing register info), id 0xc0000005]

Stack: [0x0000000012790000,0x0000000012890000],  sp=0x000000001288f478,  free space=1021k
Native frames: (J=compiled Java code, j=interpreted, Vv=VM code, C=native code)
V  [jvm.dll+0xadd80]


---------------  P R O C E S S  ---------------

Java Threads: ( => current thread )
  0x0000000059533800 JavaThread "Service Thread" daemon [_thread_blocked, id=4512, stack(0x0000000059fd0000,0x000000005a0d0000)]
  0x00000000594c6800 JavaThread "C1 CompilerThread2" daemon [_thread_blocked, id=2680, stack(0x0000000059e30000,0x0000000059f30000)]
  0x00000000594bd000 JavaThread "C2 CompilerThread1" daemon [_thread_blocked, id=2612, stack(0x0000000059ce0000,0x0000000059de0000)]
  0x00000000594b8000 JavaThread "C2 CompilerThread0" daemon [_thread_blocked, id=3524, stack(0x0000000059040000,0x0000000059140000)]
  0x00000000594b4800 JavaThread "Attach Listener" daemon [_thread_blocked, id=2752, stack(0x0000000059aa0000,0x0000000059ba0000)]
  0x00000000594b3800 JavaThread "Signal Dispatcher" daemon [_thread_blocked, id=2948, stack(0x00000000598b0000,0x00000000599b0000)]
  0x0000000057a05800 JavaThread "Finalizer" daemon [_thread_blocked, id=4444, stack(0x0000000059360000,0x0000000059460000)]
  0x00000000579fe000 JavaThread "Reference Handler" daemon [_thread_blocked, id=2748, stack(0x0000000059150000,0x0000000059250000)]
  0x000000000228f000 JavaThread "main" [_thread_blocked, id=3232, stack(0x0000000002550000,0x0000000002650000)]

Other Threads:
  0x00000000579f8800 VMThread [stack: 0x0000000058ed0000,0x0000000058fd0000] [id=2500]
  0x000000005953e000 WatcherThread [stack: 0x000000005a240000,0x000000005a340000] [id=4380]

=>0x00000000021a7800 (exited) GCTaskThread [stack: 0x0000000012790000,0x0000000012890000] [id=4860]

VM state:at safepoint (normal execution)

VM Mutex/Monitor currently owned by a thread:  ([mutex/lock_event])
[0x000000000228d5b0] Threads_lock - owner thread: 0x00000000579f8800
[0x000000000228dab0] Heap_lock - owner thread: 0x000000000228f000

Heap:
 PSYoungGen      total 71680K, used 71648K [0x00000000d5700000, 0x00000000de300000, 0x0000000100000000)
  eden space 66560K, 100% used [0x00000000d5700000,0x00000000d9800000,0x00000000d9800000)
  from space 5120K, 99% used [0x00000000d9800000,0x00000000d9cf8020,0x00000000d9d00000)
  to   space 5120K, 99% used [0x00000000dde00000,0x00000000de2f8020,0x00000000de300000)
 ParOldGen       total 1395712K, used 5894K [0x0000000080400000, 0x00000000d5700000, 0x00000000d5700000)
  object space 1395712K, 0% used [0x0000000080400000,0x00000000809c18e0,0x00000000d5700000)
 Metaspace       used 19875K, capacity 20396K, committed 20480K, reserved 1067008K
  class space    used 2375K, capacity 2484K, committed 2560K, reserved 1048576K

Card table byte_map: [0x0000000011ce0000,0x00000000120e0000] byte_map_base: 0x00000000118de000

Marking Bits: (ParMarkBitMap*) 0x0000000067524040
 Begin Bits: [0x0000000012c30000, 0x0000000014c20000)
 End Bits:   [0x0000000014c20000, 0x0000000016c10000)

Polling page: 0x0000000000140000

CodeCache: size=245760Kb used=10213Kb max_used=10213Kb free=235546Kb
 bounds [0x0000000002920000, 0x0000000003330000, 0x0000000011920000]
 total_blobs=3641 nmethods=3284 adapters=270
 compilation: enabled

Compilation events (10 events):
Event: 3.086 Thread 0x00000000594c6800 3296       3       java.io.File::isFile (43 bytes)
Event: 3.087 Thread 0x00000000594c6800 nmethod 3296 0x000000000331ead0 code [0x000000000331ec60, 0x000000000331f0c8]
Event: 3.088 Thread 0x00000000594c6800 3297       3       java.lang.Integer::valueOf (10 bytes)
Event: 3.089 Thread 0x00000000594c6800 nmethod 3297 0x000000000331f210 code [0x000000000331f3a0, 0x000000000331f788]
Event: 3.089 Thread 0x00000000594c6800 3298       3       org.apache.maven.artifact.versioning.DefaultArtifactVersion::getNextIntegerToken (59 bytes)
Event: 3.089 Thread 0x00000000594c6800 nmethod 3298 0x000000000331f9d0 code [0x000000000331fc20, 0x00000000033208a8]
Event: 3.089 Thread 0x00000000594c6800 3299       3       java.lang.Integer::toString (48 bytes)
Event: 3.090 Thread 0x00000000594c6800 nmethod 3299 0x0000000003320e10 code [0x0000000003320fe0, 0x0000000003321628]
Event: 3.090 Thread 0x00000000594c6800 3300       1       org.apache.maven.artifact.DefaultArtifact::getFile (5 bytes)
Event: 3.090 Thread 0x00000000594c6800 nmethod 3300 0x00000000033219d0 code [0x0000000003321b20, 0x0000000003321c30]

GC Heap History (7 events):
Event: 0.603 GC heap before
{Heap before GC invocations=1 (full 0):
 PSYoungGen      total 38400K, used 33280K [0x00000000d5700000, 0x00000000d8180000, 0x0000000100000000)
  eden space 33280K, 100% used [0x00000000d5700000,0x00000000d7780000,0x00000000d7780000)
  from space 5120K, 0% used [0x00000000d7c80000,0x00000000d7c80000,0x00000000d8180000)
  to   space 5120K, 0% used [0x00000000d7780000,0x00000000d7780000,0x00000000d7c80000)
 ParOldGen       total 87552K, used 0K [0x0000000080400000, 0x0000000085980000, 0x00000000d5700000)
  object space 87552K, 0% used [0x0000000080400000,0x0000000080400000,0x0000000085980000)
 Metaspace       used 7663K, capacity 7850K, committed 7936K, reserved 1056768K
  class space    used 962K, capacity 1021K, committed 1024K, reserved 1048576K
Event: 0.610 GC heap after
Heap after GC invocations=1 (full 0):
 PSYoungGen      total 38400K, used 4563K [0x00000000d5700000, 0x00000000da200000, 0x0000000100000000)
  eden space 33280K, 0% used [0x00000000d5700000,0x00000000d5700000,0x00000000d7780000)
  from space 5120K, 89% used [0x00000000d7780000,0x00000000d7bf4e88,0x00000000d7c80000)
  to   space 5120K, 0% used [0x00000000d9d00000,0x00000000d9d00000,0x00000000da200000)
 ParOldGen       total 87552K, used 16K [0x0000000080400000, 0x0000000085980000, 0x00000000d5700000)
  object space 87552K, 0% used [0x0000000080400000,0x0000000080404000,0x0000000085980000)
 Metaspace       used 7663K, capacity 7850K, committed 7936K, reserved 1056768K
  class space    used 962K, capacity 1021K, committed 1024K, reserved 1048576K
}
Event: 1.297 GC heap before
{Heap before GC invocations=2 (full 0):
 PSYoungGen      total 38400K, used 37843K [0x00000000d5700000, 0x00000000da200000, 0x0000000100000000)
  eden space 33280K, 100% used [0x00000000d5700000,0x00000000d7780000,0x00000000d7780000)
  from space 5120K, 89% used [0x00000000d7780000,0x00000000d7bf4e88,0x00000000d7c80000)
  to   space 5120K, 0% used [0x00000000d9d00000,0x00000000d9d00000,0x00000000da200000)
 ParOldGen       total 87552K, used 16K [0x0000000080400000, 0x0000000085980000, 0x00000000d5700000)
  object space 87552K, 0% used [0x0000000080400000,0x0000000080404000,0x0000000085980000)
 Metaspace       used 12154K, capacity 12448K, committed 12672K, reserved 1060864K
  class space    used 1489K, capacity 1547K, committed 1664K, reserved 1048576K
Event: 1.327 GC heap after
Heap after GC invocations=2 (full 0):
 PSYoungGen      total 71680K, used 5110K [0x00000000d5700000, 0x00000000da200000, 0x0000000100000000)
  eden space 66560K, 0% used [0x00000000d5700000,0x00000000d5700000,0x00000000d9800000)
  from space 5120K, 99% used [0x00000000d9d00000,0x00000000da1fd888,0x00000000da200000)
  to   space 5120K, 0% used [0x00000000d9800000,0x00000000d9800000,0x00000000d9d00000)
 ParOldGen       total 87552K, used 2070K [0x0000000080400000, 0x0000000085980000, 0x00000000d5700000)
  object space 87552K, 2% used [0x0000000080400000,0x00000000806059e0,0x0000000085980000)
 Metaspace       used 12154K, capacity 12448K, committed 12672K, reserved 1060864K
  class space    used 1489K, capacity 1547K, committed 1664K, reserved 1048576K
}
Event: 2.130 GC heap before
{Heap before GC invocations=3 (full 0):
 PSYoungGen      total 71680K, used 71670K [0x00000000d5700000, 0x00000000da200000, 0x0000000100000000)
  eden space 66560K, 100% used [0x00000000d5700000,0x00000000d9800000,0x00000000d9800000)
  from space 5120K, 99% used [0x00000000d9d00000,0x00000000da1fd888,0x00000000da200000)
  to   space 5120K, 0% used [0x00000000d9800000,0x00000000d9800000,0x00000000d9d00000)
 ParOldGen       total 87552K, used 2070K [0x0000000080400000, 0x0000000085980000, 0x00000000d5700000)
  object space 87552K, 2% used [0x0000000080400000,0x00000000806059e0,0x0000000085980000)
 Metaspace       used 13534K, capacity 13966K, committed 14080K, reserved 1060864K
  class space    used 1620K, capacity 1735K, committed 1792K, reserved 1048576K
Event: 2.142 GC heap after
Heap after GC invocations=3 (full 0):
 PSYoungGen      total 71680K, used 5088K [0x00000000d5700000, 0x00000000de300000, 0x0000000100000000)
  eden space 66560K, 0% used [0x00000000d5700000,0x00000000d5700000,0x00000000d9800000)
  from space 5120K, 99% used [0x00000000d9800000,0x00000000d9cf8020,0x00000000d9d00000)
  to   space 5120K, 0% used [0x00000000dde00000,0x00000000dde00000,0x00000000de300000)
 ParOldGen       total 87552K, used 4898K [0x0000000080400000, 0x0000000085980000, 0x00000000d5700000)
  object space 87552K, 5% used [0x0000000080400000,0x00000000808c88d0,0x0000000085980000)
 Metaspace       used 13534K, capacity 13966K, committed 14080K, reserved 1060864K
  class space    used 1620K, capacity 1735K, committed 1792K, reserved 1048576K
}
Event: 3.094 GC heap before
{Heap before GC invocations=4 (full 0):
 PSYoungGen      total 71680K, used 71648K [0x00000000d5700000, 0x00000000de300000, 0x0000000100000000)
  eden space 66560K, 100% used [0x00000000d5700000,0x00000000d9800000,0x00000000d9800000)
  from space 5120K, 99% used [0x00000000d9800000,0x00000000d9cf8020,0x00000000d9d00000)
  to   space 5120K, 0% used [0x00000000dde00000,0x00000000dde00000,0x00000000de300000)
 ParOldGen       total 87552K, used 4898K [0x0000000080400000, 0x0000000085980000, 0x00000000d5700000)
  object space 87552K, 5% used [0x0000000080400000,0x00000000808c88d0,0x0000000085980000)
 Metaspace       used 19875K, capacity 20396K, committed 20480K, reserved 1067008K
  class space    used 2375K, capacity 2484K, committed 2560K, reserved 1048576K

Deoptimization events (10 events):
Event: 2.920 Thread 0x000000000228f000 Uncommon trap: reason=unstable_if action=reinterpret pc=0x000000000311c8b8 method=java.util.concurrent.ConcurrentHashMap.putVal(Ljava/lang/Object;Ljava/lang/Object;Z)Ljava/lang/Object; @ 181
Event: 2.934 Thread 0x000000000228f000 Uncommon trap: reason=unstable_if action=reinterpret pc=0x0000000002f9f30c method=java.lang.ref.ReferenceQueue.poll()Ljava/lang/ref/Reference; @ 4
Event: 2.975 Thread 0x000000000228f000 Uncommon trap: reason=speculate_class_check action=maybe_recompile pc=0x0000000002ed2b70 method=java.nio.charset.CharsetDecoder.decode(Ljava/nio/ByteBuffer;Ljava/nio/CharBuffer;Z)Ljava/nio/charset/CoderResult; @ 57
Event: 2.975 Thread 0x000000000228f000 Uncommon trap: reason=class_check action=maybe_recompile pc=0x0000000002bcc500 method=java.nio.charset.CharsetDecoder.decode(Ljava/nio/ByteBuffer;Ljava/nio/CharBuffer;Z)Ljava/nio/charset/CoderResult; @ 57
Event: 2.976 Thread 0x000000000228f000 Uncommon trap: reason=speculate_class_check action=maybe_recompile pc=0x0000000002ed2b70 method=java.nio.charset.CharsetDecoder.decode(Ljava/nio/ByteBuffer;Ljava/nio/CharBuffer;Z)Ljava/nio/charset/CoderResult; @ 57
Event: 2.976 Thread 0x000000000228f000 Uncommon trap: reason=speculate_class_check action=maybe_recompile pc=0x0000000002ed2b70 method=java.nio.charset.CharsetDecoder.decode(Ljava/nio/ByteBuffer;Ljava/nio/CharBuffer;Z)Ljava/nio/charset/CoderResult; @ 57
Event: 2.977 Thread 0x000000000228f000 Uncommon trap: reason=speculate_class_check action=maybe_recompile pc=0x0000000002ed2b70 method=java.nio.charset.CharsetDecoder.decode(Ljava/nio/ByteBuffer;Ljava/nio/CharBuffer;Z)Ljava/nio/charset/CoderResult; @ 57
Event: 2.977 Thread 0x000000000228f000 Uncommon trap: reason=speculate_class_check action=maybe_recompile pc=0x0000000002e55a2c method=java.nio.charset.CharsetDecoder.decode(Ljava/nio/ByteBuffer;Ljava/nio/CharBuffer;Z)Ljava/nio/charset/CoderResult; @ 57
Event: 2.978 Thread 0x000000000228f000 Uncommon trap: reason=speculate_class_check action=maybe_recompile pc=0x0000000002e55a2c method=java.nio.charset.CharsetDecoder.decode(Ljava/nio/ByteBuffer;Ljava/nio/CharBuffer;Z)Ljava/nio/charset/CoderResult; @ 57
Event: 2.979 Thread 0x000000000228f000 Uncommon trap: reason=class_check action=maybe_recompile pc=0x0000000002e1d04c method=org.apache.maven.model.interpolation.StringSearchModelInterpolator$InterpolateObjectAction.interpolateMapField(Ljava/lang/Object;Ljava/lang/reflect/Field;)V @ 126

Internal exceptions (10 events):
Event: 3.050 Thread 0x000000000228f000 Exception <a 'java/io/IOException'> (0x00000000d940ee60) thrown at [C:\re\workspace\8-2-build-windows-amd64-cygwin\jdk8u45\3457\hotspot\src\share\vm\prims\jni.cpp, line 709]
Event: 3.050 Thread 0x000000000228f000 Exception <a 'java/io/IOException'> (0x00000000d940f230) thrown at [C:\re\workspace\8-2-build-windows-amd64-cygwin\jdk8u45\3457\hotspot\src\share\vm\prims\jni.cpp, line 709]
Event: 3.050 Thread 0x000000000228f000 Exception <a 'java/io/IOException'> (0x00000000d940f5d0) thrown at [C:\re\workspace\8-2-build-windows-amd64-cygwin\jdk8u45\3457\hotspot\src\share\vm\prims\jni.cpp, line 709]
Event: 3.050 Thread 0x000000000228f000 Exception <a 'java/io/IOException'> (0x00000000d940fac8) thrown at [C:\re\workspace\8-2-build-windows-amd64-cygwin\jdk8u45\3457\hotspot\src\share\vm\prims\jni.cpp, line 709]
Event: 3.050 Thread 0x000000000228f000 Exception <a 'java/io/IOException'> (0x00000000d940fe98) thrown at [C:\re\workspace\8-2-build-windows-amd64-cygwin\jdk8u45\3457\hotspot\src\share\vm\prims\jni.cpp, line 709]
Event: 3.050 Thread 0x000000000228f000 Exception <a 'java/io/IOException'> (0x00000000d9410238) thrown at [C:\re\workspace\8-2-build-windows-amd64-cygwin\jdk8u45\3457\hotspot\src\share\vm\prims\jni.cpp, line 709]
Event: 3.050 Thread 0x000000000228f000 Exception <a 'java/io/IOException'> (0x00000000d9410528) thrown at [C:\re\workspace\8-2-build-windows-amd64-cygwin\jdk8u45\3457\hotspot\src\share\vm\prims\jni.cpp, line 709]
Event: 3.050 Thread 0x000000000228f000 Exception <a 'java/io/IOException'> (0x00000000d94108f8) thrown at [C:\re\workspace\8-2-build-windows-amd64-cygwin\jdk8u45\3457\hotspot\src\share\vm\prims\jni.cpp, line 709]
Event: 3.050 Thread 0x000000000228f000 Exception <a 'java/io/IOException'> (0x00000000d9410cc8) thrown at [C:\re\workspace\8-2-build-windows-amd64-cygwin\jdk8u45\3457\hotspot\src\share\vm\prims\jni.cpp, line 709]
Event: 3.050 Thread 0x000000000228f000 Exception <a 'java/io/IOException'> (0x00000000d9411068) thrown at [C:\re\workspace\8-2-build-windows-amd64-cygwin\jdk8u45\3457\hotspot\src\share\vm\prims\jni.cpp, line 709]

Events (10 events):
Event: 3.093 loading class org/apache/maven/plugin/jar/JarMojo done
Event: 3.094 loading class org/apache/maven/plugin/jar/AbstractJarMojo
Event: 3.094 loading class org/apache/maven/plugin/jar/AbstractJarMojo done
Event: 3.094 loading class org/apache/maven/plugin/jar/AbstractJarMojo
Event: 3.094 loading class org/apache/maven/plugin/jar/AbstractJarMojo done
Event: 3.094 loading class org/apache/maven/plugin/jar/AbstractJarMojo
Event: 3.094 loading class org/apache/maven/plugin/jar/AbstractJarMojo done
Event: 3.094 loading class org/apache/maven/plugin/jar/AbstractJarMojo
Event: 3.094 loading class org/apache/maven/plugin/jar/AbstractJarMojo done
Event: 3.094 Executing VM operation: ParallelGCFailedAllocation


Dynamic libraries:
0x000000013fa80000 - 0x000000013fab7000 	C:\Program Files\Java\jdk1.8.0_45\bin\java.exe
0x0000000077c70000 - 0x0000000077e1b000 	C:\Windows\SYSTEM32\ntdll.dll
0x0000000077a50000 - 0x0000000077b6f000 	C:\Windows\system32\kernel32.dll
0x000007fefdef0000 - 0x000007fefdf5b000 	C:\Windows\system32\KERNELBASE.dll
0x000007fefe800000 - 0x000007fefe8db000 	C:\Windows\system32\ADVAPI32.dll
0x000007fefe2b0000 - 0x000007fefe34f000 	C:\Windows\system32\msvcrt.dll
0x000007fefe8e0000 - 0x000007fefe8ff000 	C:\Windows\SYSTEM32\sechost.dll
0x000007fefe040000 - 0x000007fefe16e000 	C:\Windows\system32\RPCRT4.dll
0x0000000077b70000 - 0x0000000077c6a000 	C:\Windows\system32\USER32.dll
0x000007fefe240000 - 0x000007fefe2a7000 	C:\Windows\system32\GDI32.dll
0x000007fefe230000 - 0x000007fefe23e000 	C:\Windows\system32\LPK.dll
0x000007fefefa0000 - 0x000007feff06a000 	C:\Windows\system32\USP10.dll
0x000007fefd550000 - 0x000007fefd744000 	C:\Windows\WinSxS\amd64_microsoft.windows.common-controls_6595b64144ccf1df_6.0.7600.16385_none_fa645303170382f6\COMCTL32.dll
0x000007fefe730000 - 0x000007fefe7a1000 	C:\Windows\system32\SHLWAPI.dll
0x000007fefe170000 - 0x000007fefe19e000 	C:\Windows\system32\IMM32.DLL
0x000007fefeb80000 - 0x000007fefec89000 	C:\Windows\system32\MSCTF.dll
0x0000000074350000 - 0x0000000074422000 	C:\Program Files\Java\jdk1.8.0_45\jre\bin\msvcr100.dll
0x0000000066d20000 - 0x00000000675a3000 	C:\Program Files\Java\jdk1.8.0_45\jre\bin\server\jvm.dll
0x000007fefb390000 - 0x000007fefb399000 	C:\Windows\system32\WSOCK32.dll
0x000007fefee70000 - 0x000007fefeebd000 	C:\Windows\system32\WS2_32.dll
0x000007fefe220000 - 0x000007fefe228000 	C:\Windows\system32\NSI.dll
0x000007fef86a0000 - 0x000007fef86db000 	C:\Windows\system32\WINMM.dll
0x000007fefc790000 - 0x000007fefc79c000 	C:\Windows\system32\VERSION.dll
0x0000000077e40000 - 0x0000000077e47000 	C:\Windows\system32\PSAPI.DLL
0x0000000075240000 - 0x000000007524f000 	C:\Program Files\Java\jdk1.8.0_45\jre\bin\verify.dll
0x00000000746f0000 - 0x0000000074719000 	C:\Program Files\Java\jdk1.8.0_45\jre\bin\java.dll
0x0000000074a70000 - 0x0000000074a86000 	C:\Program Files\Java\jdk1.8.0_45\jre\bin\zip.dll
0x000007feff070000 - 0x000007feffdf6000 	C:\Windows\system32\SHELL32.dll
0x000007fefe480000 - 0x000007fefe681000 	C:\Windows\system32\ole32.dll
0x000007fefdbd0000 - 0x000007fefdbdf000 	C:\Windows\system32\profapi.dll
0x000007fefda60000 - 0x000007fefdab7000 	C:\Windows\system32\apphelp.dll
0x0000000075030000 - 0x000000007504a000 	C:\Program Files\Java\jdk1.8.0_45\jre\bin\net.dll
0x000007fefd100000 - 0x000007fefd154000 	C:\Windows\system32\mswsock.dll
0x000007fefd0f0000 - 0x000007fefd0f7000 	C:\Windows\System32\wship6.dll
0x0000000074830000 - 0x0000000074841000 	C:\Program Files\Java\jdk1.8.0_45\jre\bin\nio.dll
0x000007fef4090000 - 0x000007fef41b5000 	C:\Windows\system32\dbghelp.dll

VM Arguments:
jvm_args: -Dclassworlds.conf=C:\Program Files\NetBeans 8.0.2\java\maven\bin\m2.conf -Dmaven.home=C:\Program Files\NetBeans 8.0.2\java\maven 
java_command: org.codehaus.plexus.classworlds.launcher.Launcher -Drunfx.args=-jar "${project.build.directory}/${project.build.finalName}.jar"  -Dmaven.ext.class.path=C:\Program Files\NetBeans 8.0.2\java\maven-nblib\netbeans-eventspy.jar -Dfile.encoding=UTF-8 clean package org.codehaus.mojo:exec-maven-plugin:1.2.1:exec
java_class_path (initial): C:\Program Files\NetBeans 8.0.2\java\maven\boot\plexus-classworlds-2.4.jar
Launcher Type: SUN_STANDARD

Environment Variables:
JAVA_HOME=C:\Program Files\Java\jdk1.8.0_45
PATH=C:\ProgramData\Oracle\Java\javapath;C:\Program Files (x86)\AMD APP\bin\x86_64;C:\Program Files (x86)\AMD APP\bin\x86;C:\Windows\system32;C:\Windows;C:\Windows\System32\Wbem;C:\Windows\System32\WindowsPowerShell\v1.0\;C:\Program Files (x86)\ATI Technologies\ATI.ACE\Core-Static;C:\Program Files (x86)\B1 Free Archiver
USERNAME=Vitor
OS=Windows_NT
PROCESSOR_IDENTIFIER=AMD64 Family 21 Model 2 Stepping 0, AuthenticAMD



---------------  S Y S T E M  ---------------

OS: Windows 7 , 64 bit Build 7600 (6.1.7600.16385)

CPU:total 6 (6 cores per cpu, 1 threads per core) family 21 model 2 stepping 0, cmov, cx8, fxsr, mmx, sse, sse2, sse3, ssse3, sse4.1, sse4.2, popcnt, aes, clmul, mmxext, 3dnowpref, lzcnt, sse4a, tsc, tscinvbit, tscinv, bmi1

Memory: 4k page, physical 8369720k(5567316k free), swap 16737540k(12722764k free)

vm_info: Java HotSpot(TM) 64-Bit Server VM (25.45-b02) for windows-amd64 JRE (1.8.0_45-b14), built on Apr 10 2015 10:34:15 by "java_re" with MS VC++ 10.0 (VS2010)

time: Sat Sep 12 13:54:23 2015
elapsed time: 3 seconds (0d 0h 0m 3s)

